<?xml version="1.0" encoding="UTF-8"?>
<!-- Generated by org.testng.reporters.JUnitReportReporter -->
<testsuite hostname="DESKTOP-KP30BUB" failures="0" tests="1" name="ui.LogoutTest" time="7.339" errors="0" timestamp="4 Jul 2021 10:04:56 GMT">
  <testcase classname="ui.LogoutTest" name="Logout" time="7.339"/>
</testsuite> <!-- ui.LogoutTest -->
