<?xml version="1.0" encoding="UTF-8"?>
<!-- Generated by org.testng.reporters.JUnitReportReporter -->
<testsuite hostname="DESKTOP-KP30BUB" failures="0" tests="1" name="ui.TitleHomeTest" time="2.175" errors="0" timestamp="4 Jul 2021 10:04:56 GMT">
  <testcase classname="ui.TitleHomeTest" name="TitleCheck" time="2.175"/>
</testsuite> <!-- ui.TitleHomeTest -->
