<?xml version="1.0" encoding="UTF-8"?>
<!-- Generated by org.testng.reporters.JUnitReportReporter -->
<testsuite hostname="DESKTOP-KP30BUB" failures="0" tests="1" name="ui.LoginTest" time="1.906" errors="0" timestamp="4 Jul 2021 10:04:56 GMT">
  <testcase classname="ui.LoginTest" name="CALogin" time="1.906"/>
</testsuite> <!-- ui.LoginTest -->
